  Ammo.cpp
C:\Users\LG\Desktop\STUDY\Tales\Talse\Talse\Ammo.cpp(63,51): warning C4244: '=': 'double'에서 'float'(으)로 변환하면서 데이터가 손실될 수 있습니다.
C:\Users\LG\Desktop\STUDY\Tales\Talse\Talse\Ammo.cpp(68,51): warning C4244: '=': 'double'에서 'float'(으)로 변환하면서 데이터가 손실될 수 있습니다.
C:\Users\LG\Desktop\STUDY\Tales\Talse\Talse\Ammo.cpp(80,21): warning C4305: '-=': 'double'에서 'float'(으)로 잘립니다.
C:\Users\LG\Desktop\STUDY\Tales\Talse\Talse\Ammo.cpp(84,21): warning C4305: '+=': 'double'에서 'float'(으)로 잘립니다.
C:\Users\LG\Desktop\STUDY\Tales\Talse\Talse\Ammo.cpp(97,22): warning C4244: '=': 'FLOAT'에서 'LONG'(으)로 변환하면서 데이터가 손실될 수 있습니다.
C:\Users\LG\Desktop\STUDY\Tales\Talse\Talse\Ammo.cpp(98,21): warning C4244: '=': 'FLOAT'에서 'LONG'(으)로 변환하면서 데이터가 손실될 수 있습니다.
C:\Users\LG\Desktop\STUDY\Tales\Talse\Talse\Ammo.cpp(99,23): warning C4244: '=': 'FLOAT'에서 'LONG'(으)로 변환하면서 데이터가 손실될 수 있습니다.
C:\Users\LG\Desktop\STUDY\Tales\Talse\Talse\Ammo.cpp(100,24): warning C4244: '=': 'FLOAT'에서 'LONG'(으)로 변환하면서 데이터가 손실될 수 있습니다.
C:\Users\LG\Desktop\STUDY\Tales\Talse\Talse\Ammo.cpp(127,19): warning C4244: '=': 'double'에서 'float'(으)로 변환하면서 데이터가 손실될 수 있습니다.
C:\Users\LG\Desktop\STUDY\Tales\Talse\Talse\Ammo.cpp(131,26): warning C4244: '=': 'double'에서 'float'(으)로 변환하면서 데이터가 손실될 수 있습니다.
C:\Users\LG\Desktop\STUDY\Tales\Talse\Talse\Ammo.cpp(136,38): warning C4305: '-=': 'double'에서 'float'(으)로 잘립니다.
C:\Users\LG\Desktop\STUDY\Tales\Talse\Talse\Ammo.cpp(140,38): warning C4305: '+=': 'double'에서 'float'(으)로 잘립니다.
C:\Users\LG\Desktop\STUDY\Tales\Talse\Talse\Ammo.cpp(155,30): warning C4244: '인수': 'FLOAT'에서 'int'(으)로 변환하면서 데이터가 손실될 수 있습니다.
C:\Users\LG\Desktop\STUDY\Tales\Talse\Talse\Ammo.cpp(155,23): warning C4244: '인수': 'FLOAT'에서 'int'(으)로 변환하면서 데이터가 손실될 수 있습니다.
  AmmoManager.cpp
C:\Users\LG\Desktop\STUDY\Tales\Talse\Talse\AmmoManager.cpp(65,52): warning C4305: '인수': 'double'에서 'float'(으)로 잘립니다.
  BattleScene.cpp
  Button.cpp
C:\Users\LG\Desktop\STUDY\Tales\Talse\Talse\Button.cpp(22,10): warning C4244: '=': 'int'에서 'FLOAT'(으)로 변환하면서 데이터가 손실될 수 있습니다.
C:\Users\LG\Desktop\STUDY\Tales\Talse\Talse\Button.cpp(23,10): warning C4244: '=': 'int'에서 'FLOAT'(으)로 변환하면서 데이터가 손실될 수 있습니다.
C:\Users\LG\Desktop\STUDY\Tales\Talse\Talse\Button.cpp(25,21): warning C4244: '=': 'FLOAT'에서 'LONG'(으)로 변환하면서 데이터가 손실될 수 있습니다.
C:\Users\LG\Desktop\STUDY\Tales\Talse\Talse\Button.cpp(26,22): warning C4244: '=': 'FLOAT'에서 'LONG'(으)로 변환하면서 데이터가 손실될 수 있습니다.
C:\Users\LG\Desktop\STUDY\Tales\Talse\Talse\Button.cpp(27,20): warning C4244: '=': 'FLOAT'에서 'LONG'(으)로 변환하면서 데이터가 손실될 수 있습니다.
C:\Users\LG\Desktop\STUDY\Tales\Talse\Talse\Button.cpp(28,23): warning C4244: '=': 'FLOAT'에서 'LONG'(으)로 변환하면서 데이터가 손실될 수 있습니다.
C:\Users\LG\Desktop\STUDY\Tales\Talse\Talse\Button.cpp(84,31): warning C4244: '인수': 'FLOAT'에서 'int'(으)로 변환하면서 데이터가 손실될 수 있습니다.
C:\Users\LG\Desktop\STUDY\Tales\Talse\Talse\Button.cpp(84,24): warning C4244: '인수': 'FLOAT'에서 'int'(으)로 변환하면서 데이터가 손실될 수 있습니다.
C:\Users\LG\Desktop\STUDY\Tales\Talse\Talse\Button.cpp(88,31): warning C4244: '인수': 'FLOAT'에서 'int'(으)로 변환하면서 데이터가 손실될 수 있습니다.
C:\Users\LG\Desktop\STUDY\Tales\Talse\Talse\Button.cpp(88,24): warning C4244: '인수': 'FLOAT'에서 'int'(으)로 변환하면서 데이터가 손실될 수 있습니다.
  ButtonFunction.cpp
  Enemy.cpp
C:\Users\LG\Desktop\STUDY\Tales\Talse\Talse\Enemy.cpp(60,29): warning C4244: '인수': 'FLOAT'에서 'int'(으)로 변환하면서 데이터가 손실될 수 있습니다.
C:\Users\LG\Desktop\STUDY\Tales\Talse\Talse\Enemy.cpp(60,22): warning C4244: '인수': 'FLOAT'에서 'int'(으)로 변환하면서 데이터가 손실될 수 있습니다.
  EnemyManager.cpp
  GameEntity.cpp
  GameObject.cpp
  Image.cpp
C:\Users\LG\Desktop\STUDY\Tales\Talse\Talse\Image.cpp(172,27): warning C4244: '인수': 'float'에서 'int'(으)로 변환하면서 데이터가 손실될 수 있습니다.
C:\Users\LG\Desktop\STUDY\Tales\Talse\Talse\Image.cpp(171,26): warning C4244: '인수': 'float'에서 'int'(으)로 변환하면서 데이터가 손실될 수 있습니다.
  ImageManager.cpp
  Iori.cpp
C:\Users\LG\Desktop\STUDY\Tales\Talse\Talse\Iori.cpp(66,30): warning C4244: '인수': 'FLOAT'에서 'int'(으)로 변환하면서 데이터가 손실될 수 있습니다.
C:\Users\LG\Desktop\STUDY\Tales\Talse\Talse\Iori.cpp(66,23): warning C4244: '인수': 'FLOAT'에서 'int'(으)로 변환하면서 데이터가 손실될 수 있습니다.
  KeyManager.cpp
  LoadingScene.cpp
  MainGame.cpp
  SceneManager.cpp
  Tank.cpp
C:\Users\LG\Desktop\STUDY\Tales\Talse\Talse\Tank.cpp(25,38): warning C4305: '=': 'double'에서 'float'(으)로 잘립니다.
C:\Users\LG\Desktop\STUDY\Tales\Talse\Talse\Tank.cpp(35,39): warning C4305: '=': 'double'에서 'float'(으)로 잘립니다.
C:\Users\LG\Desktop\STUDY\Tales\Talse\Talse\Tank.cpp(38,21): warning C4244: '=': 'FLOAT'에서 'LONG'(으)로 변환하면서 데이터가 손실될 수 있습니다.
C:\Users\LG\Desktop\STUDY\Tales\Talse\Talse\Tank.cpp(39,20): warning C4244: '=': 'FLOAT'에서 'LONG'(으)로 변환하면서 데이터가 손실될 수 있습니다.
C:\Users\LG\Desktop\STUDY\Tales\Talse\Talse\Tank.cpp(66,21): warning C4244: '=': 'FLOAT'에서 'LONG'(으)로 변환하면서 데이터가 손실될 수 있습니다.
C:\Users\LG\Desktop\STUDY\Tales\Talse\Talse\Tank.cpp(67,20): warning C4244: '=': 'FLOAT'에서 'LONG'(으)로 변환하면서 데이터가 손실될 수 있습니다.
C:\Users\LG\Desktop\STUDY\Tales\Talse\Talse\Tank.cpp(100,29): warning C4244: '인수': 'FLOAT'에서 'int'(으)로 변환하면서 데이터가 손실될 수 있습니다.
C:\Users\LG\Desktop\STUDY\Tales\Talse\Talse\Tank.cpp(100,22): warning C4244: '인수': 'FLOAT'에서 'int'(으)로 변환하면서 데이터가 손실될 수 있습니다.
C:\Users\LG\Desktop\STUDY\Tales\Talse\Talse\Tank.cpp(110,44): warning C4244: '+=': 'double'에서 'float'(으)로 변환하면서 데이터가 손실될 수 있습니다.
  TilemapToolScene.cpp
  Timer.cpp
  TimerManager.cpp
  코드를 생성하고 있습니다...
  컴파일하고 있습니다...
  TitleScene.cpp
  main.cpp
  코드를 생성하고 있습니다...
  Talse.vcxproj -> C:\Users\LG\Desktop\STUDY\Tales\Talse\Debug\Talse.exe
